<?xml version="1.0" encoding="UTF-8"?>
<testng-results ignored="0" total="1" passed="0" failed="1" skipped="0">
  <reporter-output>
    <line>
      <![CDATA[Fullname  Value Successfully send ==<b>Ankush Rajabhau Agle </b>]]>
    </line>
    <line>
      <![CDATA[Emailid  Value Successfully send ==<b>ankush007@gmail.com</b>]]>
    </line>
    <line>
      <![CDATA[Password  Value Successfully send ==<b>Ankush@11</b>]]>
    </line>
    <line>
      <![CDATA[Mobilenumber  Value Successfully send ==<b>2147483647</b>]]>
    </line>
    <line>
      <![CDATA[Screenshot taken Succesfully==C:\Users\HP\AUTOMATION\Framework\NITINDADA\ScreenShots\second.png]]>
    </line>
    <line>
      <![CDATA[Click SuccessFulyy==Workstatus]]>
    </line>
    <line>
      <![CDATA[Screenshot taken Succesfully==C:\Users\HP\AUTOMATION\Framework\NITINDADA\ScreenShots\Fisrst.png]]>
    </line>
    <line>
      <![CDATA[Click SuccessFulyy==Registernow]]>
    </line>
    <line>
      <![CDATA[Screenshot taken Succesfully==C:\Users\HP\AUTOMATION\Framework\NITINDADA\ScreenShots\Failure.png]]>
    </line>
  </reporter-output>
  <suite started-at="2023-03-12T16:04:27 IST" name="Suite" finished-at="2023-03-12T16:04:40 IST" duration-ms="12715">
    <groups>
    </groups>
    <test started-at="2023-03-12T16:04:27 IST" name="Test" finished-at="2023-03-12T16:04:40 IST" duration-ms="12715">
      <class name="TEST.Naukri_Signup">
        <test-method is-config="true" signature="StartBrowser()[pri:0, instance:TEST.Naukri_Signup@6c4906d3]" started-at="2023-03-12T16:04:27 IST" name="StartBrowser" finished-at="2023-03-12T16:04:32 IST" duration-ms="5252" status="PASS">
          <reporter-output>
          </reporter-output>
        </test-method> <!-- StartBrowser -->
        <test-method signature="test001()[pri:0, instance:TEST.Naukri_Signup@6c4906d3]" started-at="2023-03-12T16:04:32 IST" name="test001" finished-at="2023-03-12T16:04:39 IST" duration-ms="6807" status="FAIL">
          <exception class="org.openqa.selenium.support.ui.UnexpectedTagNameException">
            <message>
              <![CDATA[Element should have been "select" but was "button"
Build info: version: '4.6.0', revision: '79f1c02ae20'
System info: os.name: 'Windows 11', os.arch: 'amd64', os.version: '10.0', java.version: '18.0.1.1'
Driver info: driver.version: unknown]]>
            </message>
            <full-stacktrace>
              <![CDATA[org.openqa.selenium.support.ui.UnexpectedTagNameException: Element should have been "select" but was "button"
Build info: version: '4.6.0', revision: '79f1c02ae20'
System info: os.name: 'Windows 11', os.arch: 'amd64', os.version: '10.0', java.version: '18.0.1.1'
Driver info: driver.version: unknown
at org.openqa.selenium.support.ui.Select.<init>(Select.java:49)
at com.Utility.Library.SelectDropDown(Library.java:60)
at TEST.Naukri_Signup.test001(Naukri_Signup.java:58)
at java.base/jdk.internal.reflect.DirectMethodHandleAccessor.invoke(DirectMethodHandleAccessor.java:104)
at java.base/java.lang.reflect.Method.invoke(Method.java:577)
at org.testng.internal.MethodInvocationHelper.invokeMethod(MethodInvocationHelper.java:133)
at org.testng.internal.TestInvoker.invokeMethod(TestInvoker.java:598)
at org.testng.internal.TestInvoker.invokeTestMethod(TestInvoker.java:173)
at org.testng.internal.MethodRunner.runInSequence(MethodRunner.java:46)
at org.testng.internal.TestInvoker$MethodInvocationAgent.invoke(TestInvoker.java:824)
at org.testng.internal.TestInvoker.invokeTestMethods(TestInvoker.java:146)
at org.testng.internal.TestMethodWorker.invokeTestMethods(TestMethodWorker.java:146)
at org.testng.internal.TestMethodWorker.run(TestMethodWorker.java:128)
at java.base/java.util.ArrayList.forEach(ArrayList.java:1511)
at org.testng.TestRunner.privateRun(TestRunner.java:794)
at org.testng.TestRunner.run(TestRunner.java:596)
at org.testng.SuiteRunner.runTest(SuiteRunner.java:377)
at org.testng.SuiteRunner.runSequentially(SuiteRunner.java:371)
at org.testng.SuiteRunner.privateRun(SuiteRunner.java:332)
at org.testng.SuiteRunner.run(SuiteRunner.java:276)
at org.testng.SuiteRunnerWorker.runSuite(SuiteRunnerWorker.java:53)
at org.testng.SuiteRunnerWorker.run(SuiteRunnerWorker.java:96)
at org.testng.TestNG.runSuitesSequentially(TestNG.java:1212)
at org.testng.TestNG.runSuitesLocally(TestNG.java:1134)
at org.testng.TestNG.runSuites(TestNG.java:1063)
at org.testng.TestNG.run(TestNG.java:1031)
at org.testng.remote.AbstractRemoteTestNG.run(AbstractRemoteTestNG.java:115)
at org.testng.remote.RemoteTestNG.initAndRun(RemoteTestNG.java:251)
at org.testng.remote.RemoteTestNG.main(RemoteTestNG.java:77)
]]>
            </full-stacktrace>
          </exception> <!-- org.openqa.selenium.support.ui.UnexpectedTagNameException -->
          <reporter-output>
            <line>
              <![CDATA[Fullname  Value Successfully send ==<b>Ankush Rajabhau Agle </b>]]>
            </line>
            <line>
              <![CDATA[Emailid  Value Successfully send ==<b>ankush007@gmail.com</b>]]>
            </line>
            <line>
              <![CDATA[Password  Value Successfully send ==<b>Ankush@11</b>]]>
            </line>
            <line>
              <![CDATA[Mobilenumber  Value Successfully send ==<b>2147483647</b>]]>
            </line>
            <line>
              <![CDATA[Screenshot taken Succesfully==C:\Users\HP\AUTOMATION\Framework\NITINDADA\ScreenShots\second.png]]>
            </line>
            <line>
              <![CDATA[Click SuccessFulyy==Workstatus]]>
            </line>
            <line>
              <![CDATA[Screenshot taken Succesfully==C:\Users\HP\AUTOMATION\Framework\NITINDADA\ScreenShots\Fisrst.png]]>
            </line>
            <line>
              <![CDATA[Click SuccessFulyy==Registernow]]>
            </line>
            <line>
              <![CDATA[Screenshot taken Succesfully==C:\Users\HP\AUTOMATION\Framework\NITINDADA\ScreenShots\Failure.png]]>
            </line>
          </reporter-output>
        </test-method> <!-- test001 -->
        <test-method is-config="true" signature="TearDown()[pri:0, instance:TEST.Naukri_Signup@6c4906d3]" started-at="2023-03-12T16:04:40 IST" name="TearDown" finished-at="2023-03-12T16:04:40 IST" duration-ms="0" status="PASS">
          <reporter-output>
          </reporter-output>
        </test-method> <!-- TearDown -->
      </class> <!-- TEST.Naukri_Signup -->
    </test> <!-- Test -->
  </suite> <!-- Suite -->
</testng-results>
